{"name":"testLoginRest","status":"skipped","statusDetails":{"known":false,"muted":false,"flaky":false,"message":"Cannot run program \"cmd.exe /k\": CreateProcess error=2, Не удается найти указанный файл","trace":"java.io.IOException: Cannot run program \"cmd.exe /k\": CreateProcess error=2, Не удается найти указанный файл\r\n\tat java.base/java.lang.ProcessBuilder.start(ProcessBuilder.java:1128)\r\n\tat java.base/java.lang.ProcessBuilder.start(ProcessBuilder.java:1071)\r\n\tat java.base/java.lang.Runtime.exec(Runtime.java:591)\r\n\tat java.base/java.lang.Runtime.exec(Runtime.java:450)\r\n\tat testSuiteRest.BaseRestTest.openConnection(BaseRestTest.java:18)\r\n\tat java.base/jdk.internal.reflect.NativeMethodAccessorImpl.invoke0(Native Method)\r\n\tat java.base/jdk.internal.reflect.NativeMethodAccessorImpl.invoke(NativeMethodAccessorImpl.java:62)\r\n\tat java.base/jdk.internal.reflect.DelegatingMethodAccessorImpl.invoke(DelegatingMethodAccessorImpl.java:43)\r\n\tat java.base/java.lang.reflect.Method.invoke(Method.java:566)\r\n\tat org.testng.internal.MethodInvocationHelper.invokeMethod(MethodInvocationHelper.java:133)\r\n\tat org.testng.internal.MethodInvocationHelper.invokeMethodConsideringTimeout(MethodInvocationHelper.java:62)\r\n\tat org.testng.internal.ConfigInvoker.invokeConfigurationMethod(ConfigInvoker.java:340)\r\n\tat org.testng.internal.ConfigInvoker.invokeConfigurations(ConfigInvoker.java:294)\r\n\tat org.testng.SuiteRunner.privateRun(SuiteRunner.java:345)\r\n\tat org.testng.SuiteRunner.run(SuiteRunner.java:304)\r\n\tat org.testng.SuiteRunnerWorker.runSuite(SuiteRunnerWorker.java:53)\r\n\tat org.testng.SuiteRunnerWorker.run(SuiteRunnerWorker.java:96)\r\n\tat org.testng.TestNG.runSuitesSequentially(TestNG.java:1180)\r\n\tat org.testng.TestNG.runSuitesLocally(TestNG.java:1102)\r\n\tat org.testng.TestNG.runSuites(TestNG.java:1032)\r\n\tat org.testng.TestNG.run(TestNG.java:1000)\r\n\tat com.intellij.rt.testng.IDEARemoteTestNG.run(IDEARemoteTestNG.java:66)\r\n\tat com.intellij.rt.testng.RemoteTestNGStarter.main(RemoteTestNGStarter.java:110)\r\nCaused by: java.io.IOException: CreateProcess error=2, Не удается найти указанный файл\r\n\tat java.base/java.lang.ProcessImpl.create(Native Method)\r\n\tat java.base/java.lang.ProcessImpl.<init>(ProcessImpl.java:478)\r\n\tat java.base/java.lang.ProcessImpl.start(ProcessImpl.java:154)\r\n\tat java.base/java.lang.ProcessBuilder.start(ProcessBuilder.java:1107)\r\n\t... 22 more\r\n"},"stage":"finished","steps":[],"attachments":[],"parameters":[],"start":1579982316190,"stop":1579982316191,"uuid":"2b88beba-903f-4d24-a9fa-dcbbc2cee36a","historyId":"43e881d8925e697793c8c7ab6f72a117","fullName":"testSuiteRest.TestRestLogin.testLoginRest","labels":[{"name":"package","value":"testSuiteRest.TestRestLogin"},{"name":"testClass","value":"testSuiteRest.TestRestLogin"},{"name":"testMethod","value":"testLoginRest"},{"name":"parentSuite","value":"Default Suite"},{"name":"suite","value":"tstRusPost"},{"name":"subSuite","value":"testSuiteRest.TestRestLogin"},{"name":"host","value":"DESKTOP-JNM1QD6"},{"name":"thread","value":"14752@DESKTOP-JNM1QD6.main(1)"},{"name":"framework","value":"testng"},{"name":"language","value":"java"}],"links":[]}